=========================
[debug] Login CAS Success...
[debug] Form Loaded...
[debug] Checkbox Checked...
[debug] Form Submitted...
[debug] 平安行动:填报健康信息(已完成)
[info] Checkin Success!
[info] End at 2021-01-22 20:41:12 +0800.
=========================
[info] Notification Sent at 2021-01-22 20:41:14 Friday
=========================

=========================
[debug] Login CAS Success...
[debug] Form Loaded...
[debug] Checkbox Checked...
[debug] Form Submitted...
[debug] 平安行动:填报健康信息(已完成)
[info] Checkin Success!
[info] End at 2021-01-22 21:15:41 +0800.
=========================
[info] Notification Sent at 2021-01-22 21:15:45 Friday
=========================

=========================
[debug] Login CAS Success...
[debug] Form Loaded...
[debug] Checkbox Checked...
[debug] Form Submitted...
[debug] 平安行动:填报健康信息(已完成)
[info] Checkin Success!
[info] End at 2021-01-23 08:14:50 +0800.
=========================
[info] Notification Sent at 2021-01-23 08:14:51 Saturday
=========================

